[INFO ] 2024-05-13 10:02:27.775 [main] TestNG - Flipkart SearchTest
[INFO ] 2024-05-13 10:02:30.668 [main] TestNG - Product details Test
[INFO ] 2024-05-13 10:02:32.255 [main] TestNG - Product details Test
[INFO ] 2024-05-13 10:03:19.412 [main] TestNG - Flipkart SearchTest
[INFO ] 2024-05-13 10:03:22.476 [main] TestNG - Product details Test
[INFO ] 2024-05-13 10:03:22.502 [main] TestNG - Product details Test
[INFO ] 2024-05-13 18:15:57.993 [main] TestNG - Flipkart SearchTest
[INFO ] 2024-05-13 18:16:00.755 [main] TestNG - Product details Test
[INFO ] 2024-05-13 18:16:02.852 [main] TestNG - Product details Test
[INFO ] 2024-05-13 18:16:38.377 [main] TestNG - Homepage loads correctly with all key components visible.
[INFO ] 2024-05-13 22:05:44.186 [main] TestNG - Flipkart SearchTest
[INFO ] 2024-05-13 22:05:46.759 [main] TestNG - Product details Test
[INFO ] 2024-05-13 22:05:48.845 [main] TestNG - Product details Test
[INFO ] 2024-05-13 22:09:31.524 [main] TestNG - Flipkart SearchTest
[INFO ] 2024-05-13 22:09:33.787 [main] TestNG - Product details Test
[INFO ] 2024-05-13 22:09:35.461 [main] TestNG - Product details Test
[INFO ] 2024-05-13 22:18:42.621 [main] TestNG - Flipkart SearchTest
[INFO ] 2024-05-13 22:18:45.817 [main] TestNG - Product details Test
[INFO ] 2024-05-13 22:18:47.470 [main] TestNG - Product details Test
[INFO ] 2024-05-13 22:19:22.033 [main] TestNG - Logo is visible and clickable, navigates to homepage successfully.
[INFO ] 2024-05-13 22:19:23.296 [main] TestNG - Homepage loads correctly with all key components visible.
[INFO ] 2024-05-13 22:27:30.368 [main] TestNG - Flipkart SearchTest
[INFO ] 2024-05-13 22:27:32.668 [main] TestNG - Product details Test
[INFO ] 2024-05-13 22:27:34.249 [main] TestNG - Product details Test
[INFO ] 2024-05-13 22:28:08.698 [main] TestNG - Homepage loads correctly with all key components visible.
[INFO ] 2024-05-13 22:28:33.434 [main] TestNG - Pagination to next page functionality is validated.
[INFO ] 2024-05-13 22:32:08.190 [main] TestNG - Flipkart SearchTest
[INFO ] 2024-05-13 22:32:15.205 [main] TestNG - Product details Test
[INFO ] 2024-05-13 22:32:49.341 [main] TestNG - Flipkart SearchTest
[INFO ] 2024-05-13 22:32:51.453 [main] TestNG - Product details Test
[INFO ] 2024-05-13 22:32:53.219 [main] TestNG - Product details Test
[INFO ] 2024-05-13 22:33:31.240 [main] TestNG - Homepage loads correctly with all key components visible.
[INFO ] 2024-05-13 22:39:22.272 [main] TestNG - Flipkart SearchTest
[INFO ] 2024-05-13 22:39:23.728 [main] TestNG - Product details Test
[INFO ] 2024-05-13 22:39:25.697 [main] TestNG - Product details Test
[INFO ] 2024-05-13 22:40:43.619 [main] TestNG - Flipkart SearchTest
[INFO ] 2024-05-13 22:40:45.985 [main] TestNG - Product details Test
[INFO ] 2024-05-13 22:40:47.690 [main] TestNG - Product details Test
[INFO ] 2024-05-13 22:46:26.937 [main] TestNG - Flipkart SearchTest
[INFO ] 2024-05-13 22:46:29.834 [main] TestNG - Product details Test
[INFO ] 2024-05-13 22:46:31.639 [main] TestNG - Product details Test
[INFO ] 2024-05-13 22:52:16.995 [main] TestNG - Flipkart SearchTest
[INFO ] 2024-05-13 22:52:19.860 [main] TestNG - Product details Test
[INFO ] 2024-05-13 22:52:21.612 [main] TestNG - Product details Test
[INFO ] 2024-05-13 22:55:37.365 [main] TestNG - Flipkart SearchTest
[INFO ] 2024-05-13 22:55:39.722 [main] TestNG - Product details Test
[INFO ] 2024-05-13 22:55:41.468 [main] TestNG - Product details Test
[INFO ] 2024-05-13 22:56:58.088 [main] TestNG - Flipkart SearchTest
[INFO ] 2024-05-13 22:57:01.368 [main] TestNG - Product details Test
[INFO ] 2024-05-13 22:57:02.996 [main] TestNG - Product details Test
[INFO ] 2024-05-13 23:02:08.179 [main] TestNG - Flipkart SearchTest
[INFO ] 2024-05-13 23:02:10.509 [main] TestNG - Product details Test
[INFO ] 2024-05-13 23:02:12.072 [main] TestNG - Product details Test
