[INFO ] 2024-05-16 09:14:29.410 [main] TestNG - Flipkart SearchTest
[INFO ] 2024-05-16 09:14:34.952 [main] TestNG - Product details Test
[INFO ] 2024-05-16 09:14:37.254 [main] TestNG - Navigated directly to the product page.
[INFO ] 2024-05-16 09:14:39.963 [main] TestNG - Applying filter on product page.
[INFO ] 2024-05-16 09:14:42.221 [main] TestNG - Adding product to cart.
[INFO ] 2024-05-16 09:14:42.852 [main] TestNG - Remove cart Item
[INFO ] 2024-05-16 09:14:48.939 [main] TestNG - brandFilter Check in homepage
[INFO ] 2024-05-16 09:14:53.705 [main] TestNG - Compare 2 laptops
[INFO ] 2024-05-16 09:14:59.836 [main] TestNG - Homepage loads correctly with all key components visible.
[INFO ] 2024-05-16 09:15:05.536 [main] TestNG - Verify the pincode is avinable or not
[INFO ] 2024-05-16 09:17:54.317 [main] TestNG - Flipkart SearchTest
[INFO ] 2024-05-16 09:17:57.410 [main] TestNG - Product details Test
[INFO ] 2024-05-16 09:17:59.249 [main] TestNG - Navigated directly to the product page.
[INFO ] 2024-05-16 09:18:01.998 [main] TestNG - Applying filter on product page.
[INFO ] 2024-05-16 09:18:04.274 [main] TestNG - Adding product to cart.
[INFO ] 2024-05-16 09:18:04.964 [main] TestNG - Remove cart Item
[INFO ] 2024-05-16 09:18:10.847 [main] TestNG - brandFilter Check in homepage
[INFO ] 2024-05-16 09:18:15.653 [main] TestNG - Compare 2 laptops
[INFO ] 2024-05-16 09:18:23.290 [main] TestNG - Homepage loads correctly with all key components visible.
[INFO ] 2024-05-16 09:18:28.960 [main] TestNG - Verify the pincode is avinable or not
[INFO ] 2024-05-16 09:34:23.487 [main] TestNG - All the sorting functions
[INFO ] 2024-05-16 09:35:03.782 [main] TestNG - All the sorting functions
[INFO ] 2024-05-16 09:37:32.832 [main] TestNG - Flipkart SearchTest
[INFO ] 2024-05-16 09:37:36.242 [main] TestNG - Product details Test
[INFO ] 2024-05-16 09:37:38.972 [main] TestNG - Navigated directly to the product page.
[INFO ] 2024-05-16 09:37:41.741 [main] TestNG - Applying filter on product page.
[INFO ] 2024-05-16 09:37:44.040 [main] TestNG - Adding product to cart.
[INFO ] 2024-05-16 09:37:44.657 [main] TestNG - Remove cart Item
[INFO ] 2024-05-16 09:37:50.808 [main] TestNG - brandFilter Check in homepage
[INFO ] 2024-05-16 09:37:55.537 [main] TestNG - Compare 2 laptops
[INFO ] 2024-05-16 09:37:59.279 [main] TestNG - All the sorting functions
[INFO ] 2024-05-16 09:38:00.096 [main] TestNG - Pagination to next page functionality is validated.
[INFO ] 2024-05-16 09:38:03.755 [main] TestNG - Verify the pincode is avinable or not
[INFO ] 2024-05-16 09:41:19.362 [main] TestNG - Verify Login functionality
[INFO ] 2024-05-16 09:46:21.422 [main] TestNG - Verify SignUp functionality
[INFO ] 2024-05-16 09:47:50.939 [main] TestNG - Flipkart SearchTest
[INFO ] 2024-05-16 09:47:55.770 [main] TestNG - Product details Test
[INFO ] 2024-05-16 09:47:57.756 [main] TestNG - Navigated directly to the product page.
[INFO ] 2024-05-16 09:48:00.518 [main] TestNG - Applying filter on product page.
[INFO ] 2024-05-16 09:48:02.795 [main] TestNG - Adding product to cart.
[INFO ] 2024-05-16 09:48:03.411 [main] TestNG - Remove cart Item
[INFO ] 2024-05-16 09:48:09.284 [main] TestNG - brandFilter Check in homepage
[INFO ] 2024-05-16 09:48:14.015 [main] TestNG - Compare 2 laptops
[INFO ] 2024-05-16 09:48:17.718 [main] TestNG - All the sorting functions
[INFO ] 2024-05-16 09:48:18.573 [main] TestNG - Pagination to next page functionality is validated.
[INFO ] 2024-05-16 09:48:22.038 [main] TestNG - Verify the pincode is avinable or not
[INFO ] 2024-05-16 09:48:26.692 [main] TestNG - Verify Login functionality
[INFO ] 2024-05-16 09:48:29.272 [main] TestNG - Verify SignUp functionality
[INFO ] 2024-05-16 09:48:30.085 [main] TestNG - Search with special characters handled correctly.
[INFO ] 2024-05-16 09:48:43.279 [main] TestNG - Homepage loads correctly with all key components visible.
[INFO ] 2024-05-16 09:50:12.788 [main] TestNG - Flipkart SearchTest
[INFO ] 2024-05-16 09:50:17.752 [main] TestNG - Product details Test
[INFO ] 2024-05-16 09:50:20.740 [main] TestNG - Navigated directly to the product page.
[INFO ] 2024-05-16 09:50:23.587 [main] TestNG - Applying filter on product page.
[INFO ] 2024-05-16 09:50:25.873 [main] TestNG - Adding product to cart.
[INFO ] 2024-05-16 09:50:26.580 [main] TestNG - Remove cart Item
[INFO ] 2024-05-16 09:50:32.791 [main] TestNG - brandFilter Check in homepage
[INFO ] 2024-05-16 09:50:37.567 [main] TestNG - Compare 2 laptops
[INFO ] 2024-05-16 09:50:41.808 [main] TestNG - All the sorting functions
[INFO ] 2024-05-16 09:50:42.832 [main] TestNG - Pagination to next page functionality is validated.
[INFO ] 2024-05-16 09:50:46.685 [main] TestNG - Verify the pincode is avinable or not
[INFO ] 2024-05-16 09:50:51.389 [main] TestNG - Verify Login functionality
[INFO ] 2024-05-16 09:50:53.994 [main] TestNG - Verify SignUp functionality
[INFO ] 2024-05-16 09:50:54.989 [main] TestNG - Search with special characters handled correctly.
[INFO ] 2024-05-16 09:51:20.922 [main] TestNG - Verify the footer links are correct .
[INFO ] 2024-05-16 09:52:23.922 [main] TestNG - Homepage loads correctly with all key components visible.
[INFO ] 2024-05-16 09:53:02.144 [main] TestNG - Flipkart SearchTest
[INFO ] 2024-05-16 09:53:06.467 [main] TestNG - Product details Test
[INFO ] 2024-05-16 09:53:09.011 [main] TestNG - Navigated directly to the product page.
[INFO ] 2024-05-16 09:53:11.845 [main] TestNG - Applying filter on product page.
[INFO ] 2024-05-16 09:53:14.119 [main] TestNG - Adding product to cart.
[INFO ] 2024-05-16 09:53:14.765 [main] TestNG - Remove cart Item
[INFO ] 2024-05-16 09:53:20.767 [main] TestNG - brandFilter Check in homepage
[INFO ] 2024-05-16 09:53:25.546 [main] TestNG - Compare 2 laptops
[INFO ] 2024-05-16 09:53:29.633 [main] TestNG - All the sorting functions
[INFO ] 2024-05-16 09:53:31.145 [main] TestNG - Pagination to next page functionality is validated.
[INFO ] 2024-05-16 09:53:35.030 [main] TestNG - Verify the pincode is avinable or not
[INFO ] 2024-05-16 09:53:39.818 [main] TestNG - Verify Login functionality
[INFO ] 2024-05-16 09:53:42.726 [main] TestNG - Verify SignUp functionality
[INFO ] 2024-05-16 09:53:43.840 [main] TestNG - Search with special characters handled correctly.
[INFO ] 2024-05-16 09:54:08.010 [main] TestNG - Verify the footer links are correct .
[INFO ] 2024-05-16 09:54:09.852 [main] TestNG - Verify that the contact page is accessible.
[INFO ] 2024-05-16 09:54:10.910 [main] TestNG - Verify Terms and Conditions page is up to date.
[INFO ] 2024-05-16 09:54:12.556 [main] TestNG - Logo is visible and clickable, navigates to homepage successfully.
[INFO ] 2024-05-16 09:54:14.783 [main] TestNG - Homepage loads correctly with all key components visible.
[INFO ] 2024-05-16 09:58:43.378 [main] TestNG - Product details Test
[INFO ] 2024-05-16 09:58:46.674 [main] TestNG - Navigated directly to the product page.
[INFO ] 2024-05-16 10:02:00.313 [main] TestNG - Product details Test
[INFO ] 2024-05-16 10:02:03.557 [main] TestNG - Navigated directly to the product page.
[INFO ] 2024-05-16 10:10:41.602 [main] TestNG - Product details Test
[INFO ] 2024-05-16 10:10:43.080 [main] TestNG - Navigated directly to the product page.
[INFO ] 2024-05-16 10:11:31.681 [main] TestNG - Product details Test
[INFO ] 2024-05-16 10:11:36.501 [main] TestNG - Navigated directly to the product page.
[INFO ] 2024-05-16 10:12:29.447 [main] TestNG - Product details Test
[INFO ] 2024-05-16 10:12:37.182 [main] TestNG - Navigated directly to the product page.
[INFO ] 2024-05-16 10:13:59.597 [main] TestNG - Flipkart SearchTest
[INFO ] 2024-05-16 10:14:02.563 [main] TestNG - Product details Test
[INFO ] 2024-05-16 10:14:04.441 [main] TestNG - Navigated directly to the product page.
[INFO ] 2024-05-16 10:14:04.445 [main] TestNG - Product details Test
[INFO ] 2024-05-16 10:14:09.299 [main] TestNG - Navigated directly to the product page.
[INFO ] 2024-05-16 10:14:12.019 [main] TestNG - Applying filter on product page.
[INFO ] 2024-05-16 10:14:14.324 [main] TestNG - Adding product to cart.
[INFO ] 2024-05-16 10:14:14.977 [main] TestNG - Remove cart Item
[INFO ] 2024-05-16 10:14:20.894 [main] TestNG - brandFilter Check in homepage
[INFO ] 2024-05-16 10:14:25.641 [main] TestNG - Compare 2 laptops
[INFO ] 2024-05-16 10:14:29.461 [main] TestNG - All the sorting functions
[INFO ] 2024-05-16 10:14:30.320 [main] TestNG - Pagination to next page functionality is validated.
[INFO ] 2024-05-16 10:14:33.928 [main] TestNG - Verify the pincode is avinable or not
[INFO ] 2024-05-16 10:14:38.569 [main] TestNG - Verify Login functionality
[INFO ] 2024-05-16 10:14:41.150 [main] TestNG - Verify SignUp functionality
[INFO ] 2024-05-16 10:14:42.024 [main] TestNG - Search with special characters handled correctly.
[INFO ] 2024-05-16 10:15:06.310 [main] TestNG - Verify the footer links are correct .
[INFO ] 2024-05-16 10:15:08.212 [main] TestNG - Verify that the contact page is accessible.
[INFO ] 2024-05-16 10:15:09.060 [main] TestNG - Verify Terms and Conditions page is up to date.
[INFO ] 2024-05-16 10:15:10.343 [main] TestNG - Logo is visible and clickable, navigates to homepage successfully.
[INFO ] 2024-05-16 10:15:11.866 [main] TestNG - Homepage loads correctly with all key components visible.
[INFO ] 2024-05-16 10:33:49.886 [main] TestNG - Flipkart SearchTest
[INFO ] 2024-05-16 10:35:34.770 [main] TestNG - Flipkart SearchTest
[INFO ] 2024-05-16 10:35:38.277 [main] TestNG - Product details Test
[INFO ] 2024-05-16 10:35:41.318 [main] TestNG - Navigated directly to the product page.
[INFO ] 2024-05-16 11:33:01.036 [main] TestNG - Verify Login functionality
[INFO ] 2024-05-16 11:34:09.956 [main] TestNG - Verify the pincode is avinable or not
